Determining if the include file stdint.h exists failed with the following output:
Change Dir: C:/DigitalKnob/lib/zlib/CMakeFiles/CMakeTmp

Run Build Command:C:\PROGRA~1\MICROS~1.0\Common7\IDE\VCExpress.exe CMAKE_TRY_COMPILE.sln /build Debug /project cmTryCompileExec1001210248

Microsoft (R) Visual C++ Express Edition Version 9.0.30729.1.
Copyright (C) Microsoft Corp 2007. All rights reserved.
1>------ Build started: Project: cmTryCompileExec1001210248, Configuration: Debug Win32 ------
1>Compiling...
1>Microsoft (R) 32-bit C/C++ Optimizing Compiler Version 15.00.30729.01 for 80x86
1>Copyright (C) Microsoft Corporation.  All rights reserved.
1>cl /Od /D "WIN32" /D "_WINDOWS" /D "_DEBUG" /D "CMAKE_INTDIR=\"Debug\"" /D "_MBCS" /FD /RTC1 /MDd /Fo"cmTryCompileExec1001210248.dir\Debug\\" /Fd"C:\DigitalKnob\lib\zlib\CMakeFiles\CMakeTmp\Debug/cmTryCompileExec1001210248.pdb" /W3 /c /Zi /TC   /Zm1000
1>   .\CheckIncludeFile.c
1>CheckIncludeFile.c
1>.\CheckIncludeFile.c(1) : fatal error C1083: Cannot open include file: 'stdint.h': No such file or directory
1>Build log was saved at "file://c:\DigitalKnob\lib\zlib\CMakeFiles\CMakeTmp\cmTryCompileExec1001210248.dir\Debug\BuildLog.htm"
1>cmTryCompileExec1001210248 - 1 error(s), 0 warning(s)
========== Build: 0 succeeded, 1 failed, 0 up-to-date, 0 skipped ==========


Determining size of off64_t failed with the following output:
Change Dir: C:/DigitalKnob/lib/zlib/CMakeFiles/CMakeTmp

Run Build Command:C:\PROGRA~1\MICROS~1.0\Common7\IDE\VCExpress.exe CMAKE_TRY_COMPILE.sln /build Debug /project cmTryCompileExec2570423864

Microsoft (R) Visual C++ Express Edition Version 9.0.30729.1.
Copyright (C) Microsoft Corp 2007. All rights reserved.
1>------ Build started: Project: cmTryCompileExec2570423864, Configuration: Debug Win32 ------
1>Compiling...
1>Microsoft (R) 32-bit C/C++ Optimizing Compiler Version 15.00.30729.01 for 80x86
1>Copyright (C) Microsoft Corporation.  All rights reserved.
1>cl /Od /D "WIN32" /D "_WINDOWS" /D "_DEBUG" /D "_LARGEFILE64_SOURCE=1" /D "HAVE_SYS_TYPES_H" /D "HAVE_STDDEF_H" /D "CMAKE_INTDIR=\"Debug\"" /D "_MBCS" /FD /RTC1 /MDd /Fo"cmTryCompileExec2570423864.dir\Debug\\" /Fd"C:\DigitalKnob\lib\zlib\CMakeFiles\CMakeTmp\Debug/cmTryCompileExec2570423864.pdb" /W3 /c /Zi /TC   /Zm1000
1>   ..\CheckTypeSize\OFF64_T.c
1>OFF64_T.c
1>..\CheckTypeSize\OFF64_T.c(18) : error C2065: 'off64_t' : undeclared identifier
1>..\CheckTypeSize\OFF64_T.c(19) : error C2065: 'off64_t' : undeclared identifier
1>..\CheckTypeSize\OFF64_T.c(20) : error C2065: 'off64_t' : undeclared identifier
1>..\CheckTypeSize\OFF64_T.c(21) : error C2065: 'off64_t' : undeclared identifier
1>..\CheckTypeSize\OFF64_T.c(22) : error C2065: 'off64_t' : undeclared identifier
1>Build log was saved at "file://c:\DigitalKnob\lib\zlib\CMakeFiles\CMakeTmp\cmTryCompileExec2570423864.dir\Debug\BuildLog.htm"
1>cmTryCompileExec2570423864 - 5 error(s), 0 warning(s)
========== Build: 0 succeeded, 1 failed, 0 up-to-date, 0 skipped ==========

C:/DigitalKnob/lib/zlib/CMakeFiles/CheckTypeSize/OFF64_T.c:
#include <sys/types.h>
#include <stddef.h>


#undef KEY
#if defined(__i386)
# define KEY '_','_','i','3','8','6'
#elif defined(__x86_64)
# define KEY '_','_','x','8','6','_','6','4'
#elif defined(__ppc__)
# define KEY '_','_','p','p','c','_','_'
#elif defined(__ppc64__)
# define KEY '_','_','p','p','c','6','4','_','_'
#endif

#define SIZE (sizeof(off64_t))
char info_size[] =  {'I', 'N', 'F', 'O', ':', 's','i','z','e','[',
  ('0' + ((SIZE / 10000)%10)),
  ('0' + ((SIZE / 1000)%10)),
  ('0' + ((SIZE / 100)%10)),
  ('0' + ((SIZE / 10)%10)),
  ('0' +  (SIZE    % 10)),
  ']',
#ifdef KEY
  ' ','k','e','y','[', KEY, ']',
#endif
  '\0'};

#ifdef __CLASSIC_C__
int main(argc, argv) int argc; char *argv[];
#else
int main(int argc, char *argv[])
#endif
{
  int require = 0;
  require += info_size[argc];
  (void)argv;
  return require;
}


Determining if the function fseeko exists failed with the following output:
Change Dir: C:/DigitalKnob/lib/zlib/CMakeFiles/CMakeTmp

Run Build Command:C:\PROGRA~1\MICROS~1.0\Common7\IDE\VCExpress.exe CMAKE_TRY_COMPILE.sln /build Debug /project cmTryCompileExec3870715729

Microsoft (R) Visual C++ Express Edition Version 9.0.30729.1.
Copyright (C) Microsoft Corp 2007. All rights reserved.
1>------ Build started: Project: cmTryCompileExec3870715729, Configuration: Debug Win32 ------
1>Compiling...
1>Microsoft (R) 32-bit C/C++ Optimizing Compiler Version 15.00.30729.01 for 80x86
1>Copyright (C) Microsoft Corporation.  All rights reserved.
1>cl /Od /D "WIN32" /D "_WINDOWS" /D "CHECK_FUNCTION_EXISTS=fseeko" /D "_DEBUG" /D "CMAKE_INTDIR=\"Debug\"" /D "_MBCS" /FD /RTC1 /MDd /Fo"cmTryCompileExec3870715729.dir\Debug\\" /Fd"C:\DigitalKnob\lib\zlib\CMakeFiles\CMakeTmp\Debug/cmTryCompileExec3870715729.pdb" /W3 /c /Zi /TC   /Zm1000
1>   "..\..\..\..\..\Program Files\CMake 2.8\share\cmake-2.8\Modules\CheckFunctionExists.c"
1>CheckFunctionExists.c
1>Compiling manifest to resources...
1>Microsoft (R) Windows (R) Resource Compiler Version 6.1.6723.1
1>Copyright (C) Microsoft Corporation.  All rights reserved.
1>Linking...
1>CheckFunctionExists.obj : error LNK2019: unresolved external symbol _fseeko referenced in function _main
1>C:\DigitalKnob\lib\zlib\CMakeFiles\CMakeTmp\Debug\cmTryCompileExec3870715729.exe : fatal error LNK1120: 1 unresolved externals
1>Build log was saved at "file://c:\DigitalKnob\lib\zlib\CMakeFiles\CMakeTmp\cmTryCompileExec3870715729.dir\Debug\BuildLog.htm"
1>cmTryCompileExec3870715729 - 2 error(s), 0 warning(s)
========== Build: 0 succeeded, 1 failed, 0 up-to-date, 0 skipped ==========


Determining if the include file unistd.h exists failed with the following output:
Change Dir: C:/DigitalKnob/lib/zlib/CMakeFiles/CMakeTmp

Run Build Command:C:\PROGRA~1\MICROS~1.0\Common7\IDE\VCExpress.exe CMAKE_TRY_COMPILE.sln /build Debug /project cmTryCompileExec2316817320

Microsoft (R) Visual C++ Express Edition Version 9.0.30729.1.
Copyright (C) Microsoft Corp 2007. All rights reserved.
1>------ Build started: Project: cmTryCompileExec2316817320, Configuration: Debug Win32 ------
1>Compiling...
1>Microsoft (R) 32-bit C/C++ Optimizing Compiler Version 15.00.30729.01 for 80x86
1>Copyright (C) Microsoft Corporation.  All rights reserved.
1>cl /Od /D "WIN32" /D "_WINDOWS" /D "_DEBUG" /D "CMAKE_INTDIR=\"Debug\"" /D "_MBCS" /FD /RTC1 /MDd /Fo"cmTryCompileExec2316817320.dir\Debug\\" /Fd"C:\DigitalKnob\lib\zlib\CMakeFiles\CMakeTmp\Debug/cmTryCompileExec2316817320.pdb" /W3 /c /Zi /TC   /Zm1000
1>   .\CheckIncludeFile.c
1>CheckIncludeFile.c
1>.\CheckIncludeFile.c(1) : fatal error C1083: Cannot open include file: 'unistd.h': No such file or directory
1>Build log was saved at "file://c:\DigitalKnob\lib\zlib\CMakeFiles\CMakeTmp\cmTryCompileExec2316817320.dir\Debug\BuildLog.htm"
1>cmTryCompileExec2316817320 - 1 error(s), 0 warning(s)
========== Build: 0 succeeded, 1 failed, 0 up-to-date, 0 skipped ==========


